Determining if the pthread_create exist failed with the following output:
Change Dir: /home/ovidiu/ros_workspace/build/CMakeFiles/CMakeTmp

Run Build Command:"/usr/bin/make" "cmTC_66cfa/fast"
/usr/bin/make -f CMakeFiles/cmTC_66cfa.dir/build.make CMakeFiles/cmTC_66cfa.dir/build
make[1]: Entering directory '/home/ovidiu/ros_workspace/build/CMakeFiles/CMakeTmp'
Building C object CMakeFiles/cmTC_66cfa.dir/CheckSymbolExists.c.o
/usr/bin/cc     -o CMakeFiles/cmTC_66cfa.dir/CheckSymbolExists.c.o   -c /home/ovidiu/ros_workspace/build/CMakeFiles/CMakeTmp/CheckSymbolExists.c
Linking C executable cmTC_66cfa
/usr/bin/cmake -E cmake_link_script CMakeFiles/cmTC_66cfa.dir/link.txt --verbose=1
/usr/bin/cc       CMakeFiles/cmTC_66cfa.dir/CheckSymbolExists.c.o  -o cmTC_66cfa -rdynamic 
CMakeFiles/cmTC_66cfa.dir/CheckSymbolExists.c.o: In function `main':
CheckSymbolExists.c:(.text+0x16): undefined reference to `pthread_create'
collect2: error: ld returned 1 exit status
CMakeFiles/cmTC_66cfa.dir/build.make:97: recipe for target 'cmTC_66cfa' failed
make[1]: *** [cmTC_66cfa] Error 1
make[1]: Leaving directory '/home/ovidiu/ros_workspace/build/CMakeFiles/CMakeTmp'
Makefile:126: recipe for target 'cmTC_66cfa/fast' failed
make: *** [cmTC_66cfa/fast] Error 2

File /home/ovidiu/ros_workspace/build/CMakeFiles/CMakeTmp/CheckSymbolExists.c:
/* */
#include <pthread.h>

int main(int argc, char** argv)
{
  (void)argv;
#ifndef pthread_create
  return ((int*)(&pthread_create))[argc];
#else
  (void)argc;
  return 0;
#endif
}

Determining if the function pthread_create exists in the pthreads failed with the following output:
Change Dir: /home/ovidiu/ros_workspace/build/CMakeFiles/CMakeTmp

Run Build Command:"/usr/bin/make" "cmTC_4e667/fast"
/usr/bin/make -f CMakeFiles/cmTC_4e667.dir/build.make CMakeFiles/cmTC_4e667.dir/build
make[1]: Entering directory '/home/ovidiu/ros_workspace/build/CMakeFiles/CMakeTmp'
Building C object CMakeFiles/cmTC_4e667.dir/CheckFunctionExists.c.o
/usr/bin/cc    -DCHECK_FUNCTION_EXISTS=pthread_create   -o CMakeFiles/cmTC_4e667.dir/CheckFunctionExists.c.o   -c /usr/share/cmake-3.5/Modules/CheckFunctionExists.c
Linking C executable cmTC_4e667
/usr/bin/cmake -E cmake_link_script CMakeFiles/cmTC_4e667.dir/link.txt --verbose=1
/usr/bin/cc   -DCHECK_FUNCTION_EXISTS=pthread_create    CMakeFiles/cmTC_4e667.dir/CheckFunctionExists.c.o  -o cmTC_4e667 -rdynamic -lpthreads 
/usr/bin/ld: cannot find -lpthreads
collect2: error: ld returned 1 exit status
CMakeFiles/cmTC_4e667.dir/build.make:97: recipe for target 'cmTC_4e667' failed
make[1]: *** [cmTC_4e667] Error 1
make[1]: Leaving directory '/home/ovidiu/ros_workspace/build/CMakeFiles/CMakeTmp'
Makefile:126: recipe for target 'cmTC_4e667/fast' failed
make: *** [cmTC_4e667/fast] Error 2


